==============================================================================

                  ------ MOMENTUM STATISTICS (RF mode) ------

              Momentum MomEngine_64 2022.00.265 (*) built: Jul  2 2021
                           Thu Nov  4 15:07:21 2021

==============================================================================


------------------------------------------------------------------------------
MESH
------------------------------------------------------------------------------
 Frequency          : 4 GHz

 Rectangular cells  : 462
 Quadrangular cells : 1727
 Triangular cells   : 2986
 Via cells          : 2180

 Edge currents      : 12921

------------------------------------------------------------------------------
SOLVER                        USER TIME      ELAPSED TIME      MEMORY         
PROCESSES                      (h:m:s)          (h:m:s)         (MB)          
------------------------------------------------------------------------------

SIMULATION SET-UP
-----------------
 Initialization           |     0: 0: 0   |     0: 0: 0   |     49.86   
 Ports analysis           |     0: 0: 0   |     0: 0: 0   |      0.00   
 Mesh processing          |     0: 0: 0   |     0: 0: 1   |     69.42   

 Matrix size : 15101
 Reduced matrix size : 4774
 Estimated process size : 683.27 MB

 Simulation temperature : 298.15 K

1. SIMULATION FREQUENCY = 300 MHz 
-------------------------
 Green functions          |     0: 0: 1   |     0: 0: 0   |      1.25   
 Basis creation           |     0: 0: 2   |     0: 0: 1   |    150.46   

QUASI-STATIC CALCULATIONS
-------------------------
 Matrix load              |     0: 3:39   |     0: 1:55   |    490.21   
 Matrix load              |     0: 0: 2   |     0: 0: 2   |    111.70   
 Matrix solve             |     0: 0: 9   |     0: 0: 2   |      0.00   
 S parameters             |     0: 0: 0   |     0: 0: 0   |      0.00   
 Data storage             |     0: 0: 0   |     0: 0: 1   |      0.00   

2. SIMULATION FREQUENCY = 350 MHz 
-------------------------
 Matrix load              |     0: 0: 2   |     0: 0: 1   |      0.00   
 Matrix solve             |     0: 0:10   |     0: 0: 3   |      0.00   
 S parameters             |     0: 0: 0   |     0: 0: 0   |      0.00   
 Data storage             |     0: 0: 0   |     0: 0: 0   |      0.00   

3. SIMULATION FREQUENCY = 400 MHz 
-------------------------
 Matrix load              |     0: 0: 2   |     0: 0: 2   |      0.00   
 Matrix solve             |     0: 0: 9   |     0: 0: 2   |      0.00   
 S parameters             |     0: 0: 0   |     0: 0: 0   |      0.00   
 Data storage             |     0: 0: 0   |     0: 0: 0   |      0.00   

4. SIMULATION FREQUENCY = 450 MHz 
-------------------------
 Matrix load              |     0: 0: 3   |     0: 0: 2   |      0.00   
 Matrix solve             |     0: 0: 9   |     0: 0: 2   |      0.00   
 S parameters             |     0: 0: 1   |     0: 0: 0   |      0.00   
 Data storage             |     0: 0: 0   |     0: 0: 0   |      0.00   

5. SIMULATION FREQUENCY = 500 MHz 
-------------------------
 Matrix load              |     0: 0: 2   |     0: 0: 2   |      0.00   
 Matrix solve             |     0: 0: 9   |     0: 0: 3   |      0.00   
 S parameters             |     0: 0: 0   |     0: 0: 0   |      0.00   
 Data storage             |     0: 0: 0   |     0: 0: 0   |      0.00   

6. SIMULATION FREQUENCY = 550 MHz 
-------------------------
 Matrix load              |     0: 0: 2   |     0: 0: 1   |      0.00   
 Matrix solve             |     0: 0: 9   |     0: 0: 3   |      0.00   
 S parameters             |     0: 0: 1   |     0: 0: 0   |      0.00   
 Data storage             |     0: 0: 0   |     0: 0: 0   |      0.00   

7. SIMULATION FREQUENCY = 600 MHz 
-------------------------
 Matrix load              |     0: 0: 2   |     0: 0: 2   |      0.00   
 Matrix solve             |     0: 0: 9   |     0: 0: 2   |      0.00   
 S parameters             |     0: 0: 0   |     0: 0: 0   |      0.00   
 Data storage             |     0: 0: 0   |     0: 0: 0   |      0.00   

8. SIMULATION FREQUENCY = 650 MHz 
-------------------------
 Matrix load              |     0: 0: 3   |     0: 0: 2   |      0.00   
 Matrix solve             |     0: 0: 9   |     0: 0: 2   |      0.00   
 S parameters             |     0: 0: 0   |     0: 0: 0   |      0.00   
 Data storage             |     0: 0: 0   |     0: 0: 0   |      0.00   

9. SIMULATION FREQUENCY = 700 MHz 
-------------------------
 Matrix load              |     0: 0: 3   |     0: 0: 2   |      0.00   
 Matrix solve             |     0: 0: 9   |     0: 0: 3   |      0.00   
 S parameters             |     0: 0: 0   |     0: 0: 0   |      0.00   
 Data storage             |     0: 0: 0   |     0: 0: 0   |      0.00   

10. SIMULATION FREQUENCY = 750 MHz 
-------------------------
 Matrix load              |     0: 0: 2   |     0: 0: 1   |      0.00   
 Matrix solve             |     0: 0: 9   |     0: 0: 3   |      0.00   
 S parameters             |     0: 0: 0   |     0: 0: 0   |      0.00   
 Data storage             |     0: 0: 0   |     0: 0: 0   |      0.00   

11. SIMULATION FREQUENCY = 800 MHz 
-------------------------
 Matrix load              |     0: 0: 3   |     0: 0: 2   |      0.00   
 Matrix solve             |     0: 0: 8   |     0: 0: 2   |      0.00   
 S parameters             |     0: 0: 1   |     0: 0: 0   |      0.00   
 Data storage             |     0: 0: 0   |     0: 0: 0   |      0.00   

12. SIMULATION FREQUENCY = 850 MHz 
-------------------------
 Matrix load              |     0: 0: 2   |     0: 0: 2   |      0.00   
 Matrix solve             |     0: 0: 9   |     0: 0: 2   |      0.00   
 S parameters             |     0: 0: 0   |     0: 0: 0   |      0.00   
 Data storage             |     0: 0: 0   |     0: 0: 0   |      0.00   

13. SIMULATION FREQUENCY = 900 MHz 
-------------------------
 Matrix load              |     0: 0: 3   |     0: 0: 2   |      0.00   
 Matrix solve             |     0: 0: 9   |     0: 0: 3   |      0.00   
 S parameters             |     0: 0: 1   |     0: 0: 0   |      0.00   
 Data storage             |     0: 0: 0   |     0: 0: 0   |      0.00   

14. SIMULATION FREQUENCY = 950 MHz 
-------------------------
 Matrix load              |     0: 0: 2   |     0: 0: 1   |      0.00   
 Matrix solve             |     0: 0: 9   |     0: 0: 3   |      0.00   
 S parameters             |     0: 0: 0   |     0: 0: 0   |      0.00   
 Data storage             |     0: 0: 0   |     0: 0: 0   |      0.00   

15. SIMULATION FREQUENCY = 1 GHz 
-------------------------
 Matrix load              |     0: 0: 2   |     0: 0: 2   |      0.00   
 Matrix solve             |     0: 0:10   |     0: 0: 2   |      0.00   
 S parameters             |     0: 0: 0   |     0: 0: 0   |      0.00   
 Data storage             |     0: 0: 0   |     0: 0: 0   |      0.00   

16. SIMULATION FREQUENCY = 1.05 GHz 
-------------------------
 Matrix load              |     0: 0: 3   |     0: 0: 2   |      0.00   
 Matrix solve             |     0: 0:10   |     0: 0: 3   |      0.00   
 S parameters             |     0: 0: 0   |     0: 0: 0   |      0.00   
 Data storage             |     0: 0: 0   |     0: 0: 0   |      0.00   

17. SIMULATION FREQUENCY = 1.1 GHz 
-------------------------
 Matrix load              |     0: 0: 3   |     0: 0: 3   |      0.00   
 Matrix solve             |     0: 0:10   |     0: 0: 3   |      0.00   
 S parameters             |     0: 0: 0   |     0: 0: 0   |      0.00   
 Data storage             |     0: 0: 0   |     0: 0: 0   |      0.00   

18. SIMULATION FREQUENCY = 1.15 GHz 
-------------------------
 Matrix load              |     0: 0: 3   |     0: 0: 2   |      0.00   
 Matrix solve             |     0: 0:12   |     0: 0: 3   |      0.00   
 S parameters             |     0: 0: 0   |     0: 0: 0   |      0.00   
 Data storage             |     0: 0: 0   |     0: 0: 0   |      0.00   

19. SIMULATION FREQUENCY = 1.2 GHz 
-------------------------
 Matrix load              |     0: 0: 3   |     0: 0: 3   |      0.00   
 Matrix solve             |     0: 0:12   |     0: 0: 3   |      0.00   
 S parameters             |     0: 0: 0   |     0: 0: 0   |      0.00   
 Data storage             |     0: 0: 0   |     0: 0: 0   |      0.00   

20. SIMULATION FREQUENCY = 1.25 GHz 
-------------------------
 Matrix load              |     0: 0: 3   |     0: 0: 2   |      0.00   
 Matrix solve             |     0: 0:10   |     0: 0: 3   |      0.00   
 S parameters             |     0: 0: 0   |     0: 0: 0   |      0.00   
 Data storage             |     0: 0: 1   |     0: 0: 0   |      0.00   

21. SIMULATION FREQUENCY = 1.3 GHz 
-------------------------
 Matrix load              |     0: 0: 2   |     0: 0: 2   |      0.00   
 Matrix solve             |     0: 0: 9   |     0: 0: 2   |      0.00   
 S parameters             |     0: 0: 0   |     0: 0: 0   |      0.00   
 Data storage             |     0: 0: 0   |     0: 0: 0   |      0.00   

22. SIMULATION FREQUENCY = 1.35 GHz 
-------------------------
 Matrix load              |     0: 0: 3   |     0: 0: 2   |      0.00   
 Matrix solve             |     0: 0: 9   |     0: 0: 2   |      0.00   
 S parameters             |     0: 0: 0   |     0: 0: 0   |      0.00   
 Data storage             |     0: 0: 0   |     0: 0: 0   |      0.00   

23. SIMULATION FREQUENCY = 1.4 GHz 
-------------------------
 Matrix load              |     0: 0: 3   |     0: 0: 2   |      0.00   
 Matrix solve             |     0: 0:14   |     0: 0: 5   |      0.00   
 S parameters             |     0: 0: 0   |     0: 0: 0   |      0.00   
 Data storage             |     0: 0: 0   |     0: 0: 0   |      0.00   

24. SIMULATION FREQUENCY = 1.45 GHz 
-------------------------
 Matrix load              |     0: 0: 3   |     0: 0: 3   |      0.00   
 Matrix solve             |     0: 0:11   |     0: 0: 3   |      0.00   
 S parameters             |     0: 0: 0   |     0: 0: 0   |      0.00   
 Data storage             |     0: 0: 0   |     0: 0: 0   |      0.00   

25. SIMULATION FREQUENCY = 1.5 GHz 
-------------------------
 Matrix load              |     0: 0: 3   |     0: 0: 3   |      0.00   
 Matrix solve             |     0: 0:10   |     0: 0: 2   |      0.00   
 S parameters             |     0: 0: 0   |     0: 0: 0   |      0.00   
 Data storage             |     0: 0: 0   |     0: 0: 0   |      0.00   

26. SIMULATION FREQUENCY = 1.55 GHz 
-------------------------
 Matrix load              |     0: 0: 3   |     0: 0: 2   |      0.00   
 Matrix solve             |     0: 0:10   |     0: 0: 3   |      0.00   
 S parameters             |     0: 0: 0   |     0: 0: 0   |      0.00   
 Data storage             |     0: 0: 0   |     0: 0: 0   |      0.00   

27. SIMULATION FREQUENCY = 1.6 GHz 
-------------------------
 Matrix load              |     0: 0: 4   |     0: 0: 2   |      0.00   
 Matrix solve             |     0: 0:12   |     0: 0: 4   |      0.00   
 S parameters             |     0: 0: 1   |     0: 0: 0   |      0.00   
 Data storage             |     0: 0: 0   |     0: 0: 0   |      0.00   

28. SIMULATION FREQUENCY = 1.65 GHz 
-------------------------
 Matrix load              |     0: 0: 3   |     0: 0: 4   |      0.00   
 Matrix solve             |     0: 0:13   |     0: 0: 4   |      0.00   
 S parameters             |     0: 0: 0   |     0: 0: 0   |      0.00   
 Data storage             |     0: 0: 0   |     0: 0: 0   |      0.00   

29. SIMULATION FREQUENCY = 1.7 GHz 
-------------------------
 Matrix load              |     0: 0: 4   |     0: 0: 4   |      0.00   
 Matrix solve             |     0: 0:14   |     0: 0: 4   |      0.00   
 S parameters             |     0: 0: 0   |     0: 0: 0   |      0.00   
 Data storage             |     0: 0: 0   |     0: 0: 0   |      0.00   

30. SIMULATION FREQUENCY = 1.75 GHz 
-------------------------
 Matrix load              |     0: 0: 2   |     0: 0: 2   |      0.00   
 Matrix solve             |     0: 0:11   |     0: 0: 3   |      0.00   
 S parameters             |     0: 0: 0   |     0: 0: 0   |      0.00   
 Data storage             |     0: 0: 0   |     0: 0: 0   |      0.00   

31. SIMULATION FREQUENCY = 1.8 GHz 
-------------------------
 Matrix load              |     0: 0: 3   |     0: 0: 3   |      0.00   
 Matrix solve             |     0: 0:14   |     0: 0: 4   |      0.00   
 S parameters             |     0: 0: 0   |     0: 0: 0   |      0.00   
 Data storage             |     0: 0: 0   |     0: 0: 0   |      0.00   

32. SIMULATION FREQUENCY = 1.85 GHz 
-------------------------
 Matrix load              |     0: 0: 3   |     0: 0: 2   |      0.00   
 Matrix solve             |     0: 0:13   |     0: 0: 4   |      0.00   
 S parameters             |     0: 0: 0   |     0: 0: 0   |      0.00   
 Data storage             |     0: 0: 0   |     0: 0: 0   |      0.00   

33. SIMULATION FREQUENCY = 1.9 GHz 
-------------------------
 Matrix load              |     0: 0: 4   |     0: 0: 3   |      0.00   
 Matrix solve             |     0: 0:10   |     0: 0: 3   |      0.00   
 S parameters             |     0: 0: 0   |     0: 0: 0   |      0.00   
 Data storage             |     0: 0: 0   |     0: 0: 0   |      0.00   

34. SIMULATION FREQUENCY = 1.95 GHz 
-------------------------
 Matrix load              |     0: 0: 4   |     0: 0: 2   |      0.00   
 Matrix solve             |     0: 0:13   |     0: 0: 4   |      0.00   
 S parameters             |     0: 0: 0   |     0: 0: 0   |      0.00   
 Data storage             |     0: 0: 0   |     0: 0: 0   |      0.00   

35. SIMULATION FREQUENCY = 2 GHz 
-------------------------
 Matrix load              |     0: 0: 2   |     0: 0: 2   |      0.00   
 Matrix solve             |     0: 0:10   |     0: 0: 3   |      0.00   
 S parameters             |     0: 0: 0   |     0: 0: 0   |      0.00   
 Data storage             |     0: 0: 0   |     0: 0: 0   |      0.00   

36. SIMULATION FREQUENCY = 2.05 GHz 
-------------------------
 Matrix load              |     0: 0: 3   |     0: 0: 2   |      0.00   
 Matrix solve             |     0: 0:10   |     0: 0: 3   |      0.00   
 S parameters             |     0: 0: 0   |     0: 0: 0   |      0.00   
 Data storage             |     0: 0: 0   |     0: 0: 0   |      0.00   

37. SIMULATION FREQUENCY = 2.1 GHz 
-------------------------
 Matrix load              |     0: 0: 3   |     0: 0: 2   |      0.00   
 Matrix solve             |     0: 0:11   |     0: 0: 3   |      0.00   
 S parameters             |     0: 0: 0   |     0: 0: 0   |      0.00   
 Data storage             |     0: 0: 0   |     0: 0: 0   |      0.00   

38. SIMULATION FREQUENCY = 2.15 GHz 
-------------------------
 Matrix load              |     0: 0: 2   |     0: 0: 2   |      0.00   
 Matrix solve             |     0: 0:10   |     0: 0: 2   |      0.00   
 S parameters             |     0: 0: 0   |     0: 0: 0   |      0.00   
 Data storage             |     0: 0: 0   |     0: 0: 0   |      0.00   

39. SIMULATION FREQUENCY = 2.2 GHz 
-------------------------
 Matrix load              |     0: 0: 2   |     0: 0: 2   |      0.00   
 Matrix solve             |     0: 0:10   |     0: 0: 3   |      0.00   
 S parameters             |     0: 0: 0   |     0: 0: 0   |      0.00   
 Data storage             |     0: 0: 0   |     0: 0: 0   |      0.00   

40. SIMULATION FREQUENCY = 2.25 GHz 
-------------------------
 Matrix load              |     0: 0: 2   |     0: 0: 2   |      0.00   
 Matrix solve             |     0: 0:10   |     0: 0: 2   |      0.00   
 S parameters             |     0: 0: 0   |     0: 0: 0   |      0.00   
 Data storage             |     0: 0: 0   |     0: 0: 0   |      0.00   

41. SIMULATION FREQUENCY = 2.3 GHz 
-------------------------
 Matrix load              |     0: 0: 2   |     0: 0: 2   |      0.00   
 Matrix solve             |     0: 0:10   |     0: 0: 3   |      0.00   
 S parameters             |     0: 0: 0   |     0: 0: 0   |      0.00   
 Data storage             |     0: 0: 1   |     0: 0: 0   |      0.00   

42. SIMULATION FREQUENCY = 2.35 GHz 
-------------------------
 Matrix load              |     0: 0: 2   |     0: 0: 2   |      0.00   
 Matrix solve             |     0: 0:10   |     0: 0: 3   |      0.00   
 S parameters             |     0: 0: 0   |     0: 0: 0   |      0.00   
 Data storage             |     0: 0: 0   |     0: 0: 0   |      0.00   

43. SIMULATION FREQUENCY = 2.4 GHz 
-------------------------
 Matrix load              |     0: 0: 2   |     0: 0: 2   |      0.00   
 Matrix solve             |     0: 0:10   |     0: 0: 2   |      0.00   
 S parameters             |     0: 0: 1   |     0: 0: 0   |      0.00   
 Data storage             |     0: 0: 0   |     0: 0: 0   |      0.00   

44. SIMULATION FREQUENCY = 2.45 GHz 
-------------------------
 Matrix load              |     0: 0: 2   |     0: 0: 3   |      0.00   
 Matrix solve             |     0: 0:14   |     0: 0: 3   |      0.00   
 S parameters             |     0: 0: 0   |     0: 0: 1   |      0.00   
 Data storage             |     0: 0: 0   |     0: 0: 0   |      0.00   

45. SIMULATION FREQUENCY = 2.5 GHz 
-------------------------
 Matrix load              |     0: 0: 3   |     0: 0: 2   |      0.00   
 Matrix solve             |     0: 0: 9   |     0: 0: 2   |      0.00   
 S parameters             |     0: 0: 1   |     0: 0: 0   |      0.00   
 Data storage             |     0: 0: 0   |     0: 0: 0   |      0.00   

46. SIMULATION FREQUENCY = 2.55 GHz 
-------------------------
 Matrix load              |     0: 0: 2   |     0: 0: 2   |      0.00   
 Matrix solve             |     0: 0:10   |     0: 0: 3   |      0.00   
 S parameters             |     0: 0: 0   |     0: 0: 0   |      0.00   
 Data storage             |     0: 0: 0   |     0: 0: 0   |      0.00   

47. SIMULATION FREQUENCY = 2.6 GHz 
-------------------------
 Matrix load              |     0: 0: 2   |     0: 0: 2   |      0.00   
 Matrix solve             |     0: 0:11   |     0: 0: 2   |      0.00   
 S parameters             |     0: 0: 0   |     0: 0: 0   |      0.00   
 Data storage             |     0: 0: 0   |     0: 0: 0   |      0.00   

48. SIMULATION FREQUENCY = 2.65 GHz 
-------------------------
 Matrix load              |     0: 0: 3   |     0: 0: 2   |      0.00   
 Matrix solve             |     0: 0: 9   |     0: 0: 3   |      0.00   
 S parameters             |     0: 0: 0   |     0: 0: 0   |      0.00   
 Data storage             |     0: 0: 0   |     0: 0: 0   |      0.00   

49. SIMULATION FREQUENCY = 2.7 GHz 
-------------------------
 Matrix load              |     0: 0: 3   |     0: 0: 2   |      0.00   
 Matrix solve             |     0: 0: 9   |     0: 0: 2   |      0.00   
 S parameters             |     0: 0: 0   |     0: 0: 0   |      0.00   
 Data storage             |     0: 0: 0   |     0: 0: 0   |      0.00   

50. SIMULATION FREQUENCY = 2.75 GHz 
-------------------------
 Matrix load              |     0: 0: 3   |     0: 0: 2   |      0.00   
 Matrix solve             |     0: 0:10   |     0: 0: 3   |      0.00   
 S parameters             |     0: 0: 0   |     0: 0: 0   |      0.00   
 Data storage             |     0: 0: 0   |     0: 0: 0   |      0.00   

51. SIMULATION FREQUENCY = 2.8 GHz 
-------------------------
 Matrix load              |     0: 0: 2   |     0: 0: 2   |      0.00   
 Matrix solve             |     0: 0:10   |     0: 0: 2   |      0.00   
 S parameters             |     0: 0: 0   |     0: 0: 0   |      0.00   
 Data storage             |     0: 0: 0   |     0: 0: 0   |      0.00   

52. SIMULATION FREQUENCY = 2.85 GHz 
-------------------------
 Matrix load              |     0: 0: 2   |     0: 0: 2   |      0.00   
 Matrix solve             |     0: 0:10   |     0: 0: 3   |      0.00   
 S parameters             |     0: 0: 0   |     0: 0: 0   |      0.00   
 Data storage             |     0: 0: 0   |     0: 0: 0   |      0.00   

53. SIMULATION FREQUENCY = 2.9 GHz 
-------------------------
 Matrix load              |     0: 0: 4   |     0: 0: 2   |      0.00   
 Matrix solve             |     0: 0:11   |     0: 0: 3   |      0.00   
 S parameters             |     0: 0: 0   |     0: 0: 0   |      0.00   
 Data storage             |     0: 0: 0   |     0: 0: 0   |      0.00   

54. SIMULATION FREQUENCY = 2.95 GHz 
-------------------------
 Matrix load              |     0: 0: 2   |     0: 0: 2   |      0.00   
 Matrix solve             |     0: 0:10   |     0: 0: 3   |      0.00   
 S parameters             |     0: 0: 0   |     0: 0: 0   |      0.00   
 Data storage             |     0: 0: 0   |     0: 0: 0   |      0.00   

55. SIMULATION FREQUENCY = 3 GHz 
-------------------------
 Matrix load              |     0: 0: 3   |     0: 0: 2   |      0.00   
 Matrix solve             |     0: 0:10   |     0: 0: 3   |      0.00   
 S parameters             |     0: 0: 0   |     0: 0: 0   |      0.00   
 Data storage             |     0: 0: 0   |     0: 0: 0   |      0.00   

56. SIMULATION FREQUENCY = 3.05 GHz 
-------------------------
 Matrix load              |     0: 0: 3   |     0: 0: 2   |      0.00   
 Matrix solve             |     0: 0:10   |     0: 0: 2   |      0.00   
 S parameters             |     0: 0: 0   |     0: 0: 0   |      0.00   
 Data storage             |     0: 0: 0   |     0: 0: 0   |      0.00   

57. SIMULATION FREQUENCY = 3.1 GHz 
-------------------------
 Matrix load              |     0: 0: 3   |     0: 0: 3   |      0.00   
 Matrix solve             |     0: 0:11   |     0: 0: 3   |      0.00   
 S parameters             |     0: 0: 0   |     0: 0: 0   |      0.00   
 Data storage             |     0: 0: 0   |     0: 0: 0   |      0.00   

58. SIMULATION FREQUENCY = 3.15 GHz 
-------------------------
 Matrix load              |     0: 0: 2   |     0: 0: 2   |      0.00   
 Matrix solve             |     0: 0:10   |     0: 0: 2   |      0.00   
 S parameters             |     0: 0: 0   |     0: 0: 0   |      0.00   
 Data storage             |     0: 0: 0   |     0: 0: 0   |      0.00   

59. SIMULATION FREQUENCY = 3.2 GHz 
-------------------------
 Matrix load              |     0: 0: 3   |     0: 0: 2   |      0.00   
 Matrix solve             |     0: 0: 9   |     0: 0: 2   |      0.00   
 S parameters             |     0: 0: 0   |     0: 0: 0   |      0.00   
 Data storage             |     0: 0: 0   |     0: 0: 1   |      0.00   

60. SIMULATION FREQUENCY = 3.25 GHz 
-------------------------
 Matrix load              |     0: 0: 3   |     0: 0: 2   |      0.00   
 Matrix solve             |     0: 0:11   |     0: 0: 3   |      0.00   
 S parameters             |     0: 0: 0   |     0: 0: 0   |      0.00   
 Data storage             |     0: 0: 0   |     0: 0: 0   |      0.00   

61. SIMULATION FREQUENCY = 3.3 GHz 
-------------------------
 Matrix load              |     0: 0: 3   |     0: 0: 2   |      0.00   
 Matrix solve             |     0: 0:10   |     0: 0: 2   |      0.00   
 S parameters             |     0: 0: 0   |     0: 0: 0   |      0.00   
 Data storage             |     0: 0: 0   |     0: 0: 1   |      0.00   

62. SIMULATION FREQUENCY = 3.35 GHz 
-------------------------
 Matrix load              |     0: 0: 2   |     0: 0: 1   |      0.00   
 Matrix solve             |     0: 0: 9   |     0: 0: 3   |      0.00   
 S parameters             |     0: 0: 0   |     0: 0: 0   |      0.00   
 Data storage             |     0: 0: 1   |     0: 0: 0   |      0.00   

63. SIMULATION FREQUENCY = 3.4 GHz 
-------------------------
 Matrix load              |     0: 0: 2   |     0: 0: 2   |      0.00   
 Matrix solve             |     0: 0:10   |     0: 0: 2   |      0.00   
 S parameters             |     0: 0: 0   |     0: 0: 0   |      0.00   
 Data storage             |     0: 0: 0   |     0: 0: 0   |      0.00   

64. SIMULATION FREQUENCY = 3.45 GHz 
-------------------------
 Matrix load              |     0: 0: 3   |     0: 0: 2   |      0.00   
 Matrix solve             |     0: 0: 9   |     0: 0: 3   |      0.00   
 S parameters             |     0: 0: 0   |     0: 0: 0   |      0.00   
 Data storage             |     0: 0: 0   |     0: 0: 0   |      0.00   

65. SIMULATION FREQUENCY = 3.5 GHz 
-------------------------
 Matrix load              |     0: 0: 3   |     0: 0: 2   |      0.00   
 Matrix solve             |     0: 0:10   |     0: 0: 3   |      0.00   
 S parameters             |     0: 0: 0   |     0: 0: 0   |      0.00   
 Data storage             |     0: 0: 0   |     0: 0: 0   |      0.00   

66. SIMULATION FREQUENCY = 3.55 GHz 
-------------------------
 Matrix load              |     0: 0: 3   |     0: 0: 2   |      0.00   
 Matrix solve             |     0: 0:12   |     0: 0: 3   |      0.00   
 S parameters             |     0: 0: 0   |     0: 0: 0   |      0.00   
 Data storage             |     0: 0: 0   |     0: 0: 0   |      0.00   

67. SIMULATION FREQUENCY = 3.6 GHz 
-------------------------
 Matrix load              |     0: 0: 4   |     0: 0: 3   |      0.00   
 Matrix solve             |     0: 0:12   |     0: 0: 3   |      0.00   
 S parameters             |     0: 0: 0   |     0: 0: 0   |      0.00   
 Data storage             |     0: 0: 0   |     0: 0: 0   |      0.00   

68. SIMULATION FREQUENCY = 3.65 GHz 
-------------------------
 Matrix load              |     0: 0: 3   |     0: 0: 3   |      0.00   
 Matrix solve             |     0: 0:13   |     0: 0: 3   |      0.00   
 S parameters             |     0: 0: 0   |     0: 0: 0   |      0.00   
 Data storage             |     0: 0: 0   |     0: 0: 0   |      0.00   

69. SIMULATION FREQUENCY = 3.7 GHz 
-------------------------
 Matrix load              |     0: 0: 2   |     0: 0: 2   |      0.00   
 Matrix solve             |     0: 0:11   |     0: 0: 3   |      0.00   
 S parameters             |     0: 0: 0   |     0: 0: 0   |      0.00   
 Data storage             |     0: 0: 0   |     0: 0: 0   |      0.00   

70. SIMULATION FREQUENCY = 3.75 GHz 
-------------------------
 Matrix load              |     0: 0: 3   |     0: 0: 3   |      0.00   
 Matrix solve             |     0: 0:11   |     0: 0: 2   |      0.00   
 S parameters             |     0: 0: 0   |     0: 0: 0   |      0.00   
 Data storage             |     0: 0: 0   |     0: 0: 0   |      0.00   

71. SIMULATION FREQUENCY = 3.8 GHz 
-------------------------
 Matrix load              |     0: 0: 3   |     0: 0: 3   |      0.00   
 Matrix solve             |     0: 0:12   |     0: 0: 3   |      0.00   
 S parameters             |     0: 0: 0   |     0: 0: 0   |      0.00   
 Data storage             |     0: 0: 0   |     0: 0: 0   |      0.00   

72. SIMULATION FREQUENCY = 3.85 GHz 
-------------------------
 Matrix load              |     0: 0: 2   |     0: 0: 2   |      0.00   
 Matrix solve             |     0: 0:10   |     0: 0: 3   |      0.00   
 S parameters             |     0: 0: 0   |     0: 0: 0   |      0.00   
 Data storage             |     0: 0: 0   |     0: 0: 0   |      0.00   

73. SIMULATION FREQUENCY = 3.9 GHz 
-------------------------
 Matrix load              |     0: 0: 2   |     0: 0: 2   |      0.00   
 Matrix solve             |     0: 0:11   |     0: 0: 3   |      0.00   
 S parameters             |     0: 0: 1   |     0: 0: 0   |      0.00   
 Data storage             |     0: 0: 0   |     0: 0: 0   |      0.00   

74. SIMULATION FREQUENCY = 3.95 GHz 
-------------------------
 Matrix load              |     0: 0: 2   |     0: 0: 2   |      0.00   
 Matrix solve             |     0: 0:11   |     0: 0: 3   |      0.00   
 S parameters             |     0: 0: 0   |     0: 0: 0   |      0.00   
 Data storage             |     0: 0: 0   |     0: 0: 0   |      0.00   

75. SIMULATION FREQUENCY = 4 GHz 
-------------------------
 Matrix load              |     0: 0: 3   |     0: 0: 2   |      0.00   
 Matrix solve             |     0: 0:11   |     0: 0: 3   |      0.00   
 S parameters             |     0: 0: 0   |     0: 0: 0   |      0.00   
 Data storage             |     0: 0: 0   |     0: 0: 0   |      0.00   

------------------------------------------------------------------------------
TOTALS
------------------------------------------------------------------------------
 Nr of Frequencies   : 75 

 Physical memory :   872.92 MB
 Virtual memory  :  1093.00 MB
 Page faults     :      265771
 User Time       :    0h20m12s
 Elapsed Time    :    0h 8m11s

==============================================================================

