==============================================================================

                  ------ MOMENTUM STATISTICS (RF mode) ------

              Momentum MomEngine_64 2022.00.265 (*) built: Jul  2 2021
                           Fri Nov  5 11:33:33 2021

==============================================================================


------------------------------------------------------------------------------
MESH
------------------------------------------------------------------------------
 Frequency          : 4 GHz

 Rectangular cells  : 506
 Quadrangular cells : 2245
 Triangular cells   : 4394
 Via cells          : 1915

 Edge currents      : 15223

------------------------------------------------------------------------------
SOLVER                        USER TIME      ELAPSED TIME      MEMORY         
PROCESSES                      (h:m:s)          (h:m:s)         (MB)          
------------------------------------------------------------------------------

SIMULATION SET-UP
-----------------
 Initialization           |     0: 0: 0   |     0: 0: 0   |     53.93   
 Ports analysis           |     0: 0: 0   |     0: 0: 0   |      0.00   
 Mesh processing          |     0: 0: 1   |     0: 0: 1   |     61.03   

 Matrix size : 17138
 Reduced matrix size : 3888
 Estimated process size : 479.84 MB

 Simulation temperature : 298.15 K

1. SIMULATION FREQUENCY = 300 MHz 
-------------------------
 Green functions          |     0: 0: 0   |     0: 0: 0   |      1.25   
 Basis creation           |     0: 0: 4   |     0: 0: 2   |    175.76   

QUASI-STATIC CALCULATIONS
-------------------------
